This is pdfTeX, Version 3.14159265-2.6-1.40.19 (TeX Live 2018/Arch Linux) (preloaded format=pdflatex 2018.6.18)  27 JUN 2018 16:07
entering extended mode
 restricted \write18 enabled.
 %&-line parsing enabled.
**guide.tex
(./guide.tex
LaTeX2e <2018-04-01> patch level 2
Babel <3.18> and hyphenation patterns for 84 language(s) loaded.
(/usr/share/texmf-dist/tex/latex/base/article.cls
Document Class: article 2014/09/29 v1.4h Standard LaTeX document class
(/usr/share/texmf-dist/tex/latex/base/size11.clo
File: size11.clo 2014/09/29 v1.4h Standard LaTeX file (size option)
)
\c@part=\count80
\c@section=\count81
\c@subsection=\count82
\c@subsubsection=\count83
\c@paragraph=\count84
\c@subparagraph=\count85
\c@figure=\count86
\c@table=\count87
\abovecaptionskip=\skip41
\belowcaptionskip=\skip42
\bibindent=\dimen102
)
(/usr/share/texmf-dist/tex/latex/listings/listings.sty
(/usr/share/texmf-dist/tex/latex/graphics/keyval.sty
Package: keyval 2014/10/28 v1.15 key=value parser (DPC)
\KV@toks@=\toks14
)
\lst@mode=\count88
\lst@gtempboxa=\box26
\lst@token=\toks15
\lst@length=\count89
\lst@currlwidth=\dimen103
\lst@column=\count90
\lst@pos=\count91
\lst@lostspace=\dimen104
\lst@width=\dimen105
\lst@newlines=\count92
\lst@lineno=\count93
\lst@maxwidth=\dimen106

(/usr/share/texmf-dist/tex/latex/listings/lstmisc.sty
File: lstmisc.sty 2015/06/04 1.6 (Carsten Heinz)
\c@lstnumber=\count94
\lst@skipnumbers=\count95
\lst@framebox=\box27
)
(/usr/share/texmf-dist/tex/latex/listings/listings.cfg
File: listings.cfg 2015/06/04 1.6 listings configuration
))
Package: listings 2015/06/04 1.6 (Carsten Heinz)

(/usr/share/texmf-dist/tex/latex/hyperref/hyperref.sty
Package: hyperref 2018/02/06 v6.86b Hypertext links for LaTeX

(/usr/share/texmf-dist/tex/generic/oberdiek/hobsub-hyperref.sty
Package: hobsub-hyperref 2016/05/16 v1.14 Bundle oberdiek, subset hyperref (HO)


(/usr/share/texmf-dist/tex/generic/oberdiek/hobsub-generic.sty
Package: hobsub-generic 2016/05/16 v1.14 Bundle oberdiek, subset generic (HO)
Package: hobsub 2016/05/16 v1.14 Construct package bundles (HO)
Package: infwarerr 2016/05/16 v1.4 Providing info/warning/error messages (HO)
Package: ltxcmds 2016/05/16 v1.23 LaTeX kernel commands for general use (HO)
Package: ifluatex 2016/05/16 v1.4 Provides the ifluatex switch (HO)
Package ifluatex Info: LuaTeX not detected.
Package: ifvtex 2016/05/16 v1.6 Detect VTeX and its facilities (HO)
Package ifvtex Info: VTeX not detected.
Package: intcalc 2016/05/16 v1.2 Expandable calculations with integers (HO)
Package: ifpdf 2017/03/15 v3.2 Provides the ifpdf switch
Package: etexcmds 2016/05/16 v1.6 Avoid name clashes with e-TeX commands (HO)
Package etexcmds Info: Could not find \expanded.
(etexcmds)             That can mean that you are not using pdfTeX 1.50 or
(etexcmds)             that some package has redefined \expanded.
(etexcmds)             In the latter case, load this package earlier.
Package: kvsetkeys 2016/05/16 v1.17 Key value parser (HO)
Package: kvdefinekeys 2016/05/16 v1.4 Define keys (HO)
Package: pdftexcmds 2018/01/30 v0.27 Utility functions of pdfTeX for LuaTeX (HO
)
Package pdftexcmds Info: LuaTeX not detected.
Package pdftexcmds Info: \pdf@primitive is available.
Package pdftexcmds Info: \pdf@ifprimitive is available.
Package pdftexcmds Info: \pdfdraftmode found.
Package: pdfescape 2016/05/16 v1.14 Implements pdfTeX's escape features (HO)
Package: bigintcalc 2016/05/16 v1.4 Expandable calculations on big integers (HO
)
Package: bitset 2016/05/16 v1.2 Handle bit-vector datatype (HO)
Package: uniquecounter 2016/05/16 v1.3 Provide unlimited unique counter (HO)
)
Package hobsub Info: Skipping package `hobsub' (already loaded).
Package: letltxmacro 2016/05/16 v1.5 Let assignment for LaTeX macros (HO)
Package: hopatch 2016/05/16 v1.3 Wrapper for package hooks (HO)
Package: xcolor-patch 2016/05/16 xcolor patch
Package: atveryend 2016/05/16 v1.9 Hooks at the very end of document (HO)
Package atveryend Info: \enddocument detected (standard20110627).
Package: atbegshi 2016/06/09 v1.18 At begin shipout hook (HO)
Package: refcount 2016/05/16 v3.5 Data extraction from label references (HO)
Package: hycolor 2016/05/16 v1.8 Color options for hyperref/bookmark (HO)
)
(/usr/share/texmf-dist/tex/generic/ifxetex/ifxetex.sty
Package: ifxetex 2010/09/12 v0.6 Provides ifxetex conditional
)
(/usr/share/texmf-dist/tex/latex/oberdiek/auxhook.sty
Package: auxhook 2016/05/16 v1.4 Hooks for auxiliary files (HO)
)
(/usr/share/texmf-dist/tex/latex/oberdiek/kvoptions.sty
Package: kvoptions 2016/05/16 v3.12 Key value format for package options (HO)
)
\@linkdim=\dimen107
\Hy@linkcounter=\count96
\Hy@pagecounter=\count97

(/usr/share/texmf-dist/tex/latex/hyperref/pd1enc.def
File: pd1enc.def 2018/02/06 v6.86b Hyperref: PDFDocEncoding definition (HO)
Now handling font encoding PD1 ...
... no UTF-8 mapping file for font encoding PD1
)
\Hy@SavedSpaceFactor=\count98

(/usr/share/texmf-dist/tex/latex/latexconfig/hyperref.cfg
File: hyperref.cfg 2002/06/06 v1.2 hyperref configuration of TeXLive
)
Package hyperref Info: Hyper figures OFF on input line 4509.
Package hyperref Info: Link nesting OFF on input line 4514.
Package hyperref Info: Hyper index ON on input line 4517.
Package hyperref Info: Plain pages OFF on input line 4524.
Package hyperref Info: Backreferencing OFF on input line 4529.
Package hyperref Info: Implicit mode ON; LaTeX internals redefined.
Package hyperref Info: Bookmarks ON on input line 4762.
\c@Hy@tempcnt=\count99

(/usr/share/texmf-dist/tex/latex/url/url.sty
\Urlmuskip=\muskip10
Package: url 2013/09/16  ver 3.4  Verb mode for urls, etc.
)
LaTeX Info: Redefining \url on input line 5115.
\XeTeXLinkMargin=\dimen108
\Fld@menulength=\count100
\Field@Width=\dimen109
\Fld@charsize=\dimen110
Package hyperref Info: Hyper figures OFF on input line 6369.
Package hyperref Info: Link nesting OFF on input line 6374.
Package hyperref Info: Hyper index ON on input line 6377.
Package hyperref Info: backreferencing OFF on input line 6384.
Package hyperref Info: Link coloring OFF on input line 6389.
Package hyperref Info: Link coloring with OCG OFF on input line 6394.
Package hyperref Info: PDF/A mode OFF on input line 6399.
LaTeX Info: Redefining \ref on input line 6439.
LaTeX Info: Redefining \pageref on input line 6443.
\Hy@abspage=\count101
\c@Item=\count102
\c@Hfootnote=\count103
)
Package hyperref Info: Driver (autodetected): hpdftex.

(/usr/share/texmf-dist/tex/latex/hyperref/hpdftex.def
File: hpdftex.def 2018/02/06 v6.86b Hyperref driver for pdfTeX
\Fld@listcount=\count104
\c@bookmark@seq@number=\count105

(/usr/share/texmf-dist/tex/latex/oberdiek/rerunfilecheck.sty
Package: rerunfilecheck 2016/05/16 v1.8 Rerun checks for auxiliary files (HO)
Package uniquecounter Info: New unique counter `rerunfilecheck' on input line 2
82.
)
\Hy@SectionHShift=\skip43
)
(/usr/share/texmf-dist/tex/latex/base/inputenc.sty
Package: inputenc 2018/04/06 v1.3b Input encoding file
\inpenc@prehook=\toks16
\inpenc@posthook=\toks17
)
(/usr/share/texmf-dist/tex/latex/fancyhdr/fancyhdr.sty
Package: fancyhdr 2017/06/30 v3.9a Extensive control of page headers and footer
s
\f@nch@headwidth=\skip44
\f@nch@O@elh=\skip45
\f@nch@O@erh=\skip46
\f@nch@O@olh=\skip47
\f@nch@O@orh=\skip48
\f@nch@O@elf=\skip49
\f@nch@O@erf=\skip50
\f@nch@O@olf=\skip51
\f@nch@O@orf=\skip52
)
(/usr/share/texmf-dist/tex/latex/geometry/geometry.sty
Package: geometry 2018/03/24 v5.7 Page Geometry
\Gm@cnth=\count106
\Gm@cntv=\count107
\c@Gm@tempcnt=\count108
\Gm@bindingoffset=\dimen111
\Gm@wd@mp=\dimen112
\Gm@odd@mp=\dimen113
\Gm@even@mp=\dimen114
\Gm@layoutwidth=\dimen115
\Gm@layoutheight=\dimen116
\Gm@layouthoffset=\dimen117
\Gm@layoutvoffset=\dimen118
\Gm@dimlist=\toks18
)
(/usr/share/texmf-dist/tex/latex/graphics/color.sty
Package: color 2016/07/10 v1.1e Standard LaTeX Color (DPC)

(/usr/share/texmf-dist/tex/latex/graphics-cfg/color.cfg
File: color.cfg 2016/01/02 v1.6 sample color configuration
)
Package color Info: Driver file: pdftex.def on input line 147.

(/usr/share/texmf-dist/tex/latex/graphics-def/pdftex.def
File: pdftex.def 2018/01/08 v1.0l Graphics/color driver for pdftex
))
(/usr/share/texmf-dist/tex/latex/colortbl/colortbl.sty
Package: colortbl 2012/02/13 v1.0a Color table columns (DPC)

(/usr/share/texmf-dist/tex/latex/tools/array.sty
Package: array 2018/04/07 v2.4g Tabular extension package (FMi)
\col@sep=\dimen119
\ar@mcellbox=\box28
\extrarowheight=\dimen120
\NC@list=\toks19
\extratabsurround=\skip53
\backup@length=\skip54
\ar@cellbox=\box29
)
\everycr=\toks20
\minrowclearance=\skip55
)
No file guide.aux.
\openout1 = `guide.aux'.

LaTeX Font Info:    Checking defaults for OML/cmm/m/it on input line 18.
LaTeX Font Info:    ... okay on input line 18.
LaTeX Font Info:    Checking defaults for T1/cmr/m/n on input line 18.
LaTeX Font Info:    ... okay on input line 18.
LaTeX Font Info:    Checking defaults for OT1/cmr/m/n on input line 18.
LaTeX Font Info:    ... okay on input line 18.
LaTeX Font Info:    Checking defaults for OMS/cmsy/m/n on input line 18.
LaTeX Font Info:    ... okay on input line 18.
LaTeX Font Info:    Checking defaults for OMX/cmex/m/n on input line 18.
LaTeX Font Info:    ... okay on input line 18.
LaTeX Font Info:    Checking defaults for U/cmr/m/n on input line 18.
LaTeX Font Info:    ... okay on input line 18.
LaTeX Font Info:    Checking defaults for PD1/pdf/m/n on input line 18.
LaTeX Font Info:    ... okay on input line 18.
\c@lstlisting=\count109
\AtBeginShipoutBox=\box30
Package hyperref Info: Link coloring OFF on input line 18.
(/usr/share/texmf-dist/tex/latex/hyperref/nameref.sty
Package: nameref 2016/05/21 v2.44 Cross-referencing by name of section

(/usr/share/texmf-dist/tex/generic/oberdiek/gettitlestring.sty
Package: gettitlestring 2016/05/16 v1.5 Cleanup title references (HO)
)
\c@section@level=\count110
)
LaTeX Info: Redefining \ref on input line 18.
LaTeX Info: Redefining \pageref on input line 18.
LaTeX Info: Redefining \nameref on input line 18.
\@outlinefile=\write3
\openout3 = `guide.out'.


*geometry* driver: auto-detecting
*geometry* detected driver: pdftex
*geometry* verbose mode - [ preamble ] result:
* driver: pdftex
* paper: <default>
* layout: <same size as paper>
* layoutoffset:(h,v)=(0.0pt,0.0pt)
* modes: 
* h-part:(L,W,R)=(65.04256pt, 484.20988pt, 65.04256pt)
* v-part:(T,H,B)=(65.04256pt, 664.88487pt, 65.04256pt)
* \paperwidth=614.295pt
* \paperheight=794.96999pt
* \textwidth=484.20988pt
* \textheight=664.88487pt
* \oddsidemargin=-7.22743pt
* \evensidemargin=-7.22743pt
* \topmargin=-44.22743pt
* \headheight=12.0pt
* \headsep=25.0pt
* \topskip=11.0pt
* \footskip=30.0pt
* \marginparwidth=59.0pt
* \marginparsep=10.0pt
* \columnsep=10.0pt
* \skip\footins=10.0pt plus 4.0pt minus 2.0pt
* \hoffset=0.0pt
* \voffset=0.0pt
* \mag=1000
* \@twocolumnfalse
* \@twosidefalse
* \@mparswitchfalse
* \@reversemarginfalse
* (1in=72.27pt=25.4mm, 1cm=28.453pt)

(/usr/share/texmf-dist/tex/context/base/mkii/supp-pdf.mkii
[Loading MPS to PDF converter (version 2006.09.02).]
\scratchcounter=\count111
\scratchdimen=\dimen121
\scratchbox=\box31
\nofMPsegments=\count112
\nofMParguments=\count113
\everyMPshowfont=\toks21
\MPscratchCnt=\count114
\MPscratchDim=\dimen122
\MPnumerator=\count115
\makeMPintoPDFobject=\count116
\everyMPtoPDFconversion=\toks22
) (/usr/share/texmf-dist/tex/latex/listings/lstlang1.sty
File: lstlang1.sty 2015/06/04 1.6 listings language file
)
LaTeX Font Info:    External font `cmex10' loaded for size
(Font)              <12> on input line 27.
LaTeX Font Info:    External font `cmex10' loaded for size
(Font)              <8> on input line 27.
LaTeX Font Info:    External font `cmex10' loaded for size
(Font)              <6> on input line 27.
 [1

{/var/lib/texmf/fonts/map/pdftex/updmap/pdftex.map}]
\tf@toc=\write4
\openout4 = `guide.toc'.



Package Fancyhdr Warning: \headheight is too small (12.0pt): 
 Make it at least 13.59999pt.
 We now make it that large for the rest of the document.
 This may cause the page layout to be inconsistent, however.

[1]

LaTeX Warning: Reference `frontend' on page 2 undefined on input line 54.


LaTeX Warning: Reference `backend' on page 2 undefined on input line 54.


Underfull \hbox (badness 10000) in paragraph at lines 49--56

 []

LaTeX Font Info:    Try loading font information for OMS+cmr on input line 58.
(/usr/share/texmf-dist/tex/latex/base/omscmr.fd
File: omscmr.fd 2014/09/29 v2.5h Standard LaTeX font definitions
)
LaTeX Font Info:    Font shape `OMS/cmr/m/n' in size <10.95> not available
(Font)              Font shape `OMS/cmsy/m/n' tried instead on input line 58.
LaTeX Font Info:    External font `cmex10' loaded for size
(Font)              <10.95> on input line 76.
LaTeX Font Info:    External font `cmex10' loaded for size
(Font)              <9> on input line 80.
LaTeX Font Info:    External font `cmex10' loaded for size
(Font)              <5> on input line 80.


LaTeX Warning: Reference `backendintro' on page 2 undefined on input line 83.

[2] [3]

LaTeX Warning: Reference `command_success' on page 4 undefined on input line 13
9.


LaTeX Warning: Reference `command_error' on page 4 undefined on input line 140.



LaTeX Warning: Reference `frontendinterface' on page 4 undefined on input line 
141.


LaTeX Warning: Reference `writefile' on page 4 undefined on input line 165.

[4]

LaTeX Warning: Reference `mongostart' on page 5 undefined on input line 184.


LaTeX Warning: Reference `mongocheck' on page 5 undefined on input line 209.

[5]
Underfull \hbox (badness 10000) in paragraph at lines 260--265

 []

[6]

LaTeX Warning: Reference `mongolog' on page 7 undefined on input line 298.


LaTeX Warning: Reference `command_success' on page 7 undefined on input line 30
4.


Underfull \hbox (badness 10000) in paragraph at lines 309--315

 []


Underfull \hbox (badness 10000) in paragraph at lines 309--315

 []

[7]
LaTeX Font Info:    Try loading font information for OML+cmr on input line 316.

 (/usr/share/texmf-dist/tex/latex/base/omlcmr.fd
File: omlcmr.fd 2014/09/29 v2.5h Standard LaTeX font definitions
)
LaTeX Font Info:    Font shape `OML/cmr/m/n' in size <10.95> not available
(Font)              Font shape `OML/cmm/m/it' tried instead on input line 316.


LaTeX Warning: Reference `command_error' on page 8 undefined on input line 340.


[8]

LaTeX Warning: Reference `frontendinterface' on page 9 undefined on input line 
359.


LaTeX Warning: Reference `subprocess' on page 9 undefined on input line 375.


Underfull \hbox (badness 10000) in paragraph at lines 390--395

 []

[9]

LaTeX Warning: Reference `command_success' on page 10 undefined on input line 4
06.

[10]
Underfull \hbox (badness 10000) in paragraph at lines 448--449

 []


LaTeX Warning: Reference `command_error' on page 11 undefined on input line 464
.


Underfull \hbox (badness 10000) in paragraph at lines 461--467

 []


Underfull \hbox (badness 10000) in paragraph at lines 461--467

 []


LaTeX Warning: Reference `filediff' on page 11 undefined on input line 490.

[11]
Overfull \hbox (0.21274pt too wide) in paragraph at lines 494--499
 []\OT1/cmr/bx/n/10.95 Return[] \OT1/cmr/m/n/10.95 Resti-tu-isce il \OT1/cmr/m/
it/10.95 dizionario di suc-cesso \OT1/cmr/m/n/10.95 gen-er-ato dalla fun-zione 
\OT1/cmtt/m/n/10.95 command_success \OT1/cmr/m/n/10.95 con all'interno
 []

[12]

LaTeX Warning: Reference `writefile' on page 13 undefined on input line 548.


Underfull \hbox (badness 10000) in paragraph at lines 555--566

 []

[13]
Overfull \hbox (52.44543pt too wide) in paragraph at lines 590--594
 []\OT1/cmr/bx/n/10.95 Funzionamento[] \OT1/cmr/m/n/10.95 In-izial-mente ver-fi
-cica che il file sia ef-fet-ti-va-mente un file us-ando la fun-zione \OT1/cmtt
/m/n/10.95 os.path.isfile()
 []

[14] [15] [16]

LaTeX Warning: Reference `getusers' on page 17 undefined on input line 722.


LaTeX Warning: Reference `getusergroups' on page 17 undefined on input line 746
.


LaTeX Warning: Reference `frontendinterface' on page 17 undefined on input line
 746.

[17]
Overfull \hbox (19.65205pt too wide) in paragraph at lines 783--784
[]\OT1/cmr/m/n/10.95 home: la home dell'utente; soli-ta-mente se l'utente non ^
^Re di sis-tema si trova al per-corso \OT1/cmtt/m/n/10.95 /home/<uname> 
 []


Overfull \hbox (1.29143pt too wide) in paragraph at lines 786--789
[]\OT1/cmr/m/n/10.95 group: il nome del gruppo prin-ci-pale di cui l'utente fa 
parte. Soli-ta-mente alla creazione dell'utente
 []


LaTeX Warning: Reference `addusertogroups' on page 18 undefined on input line 7
90.

[18] [19]

LaTeX Warning: Reference `getusers' on page 20 undefined on input line 867.

[20]
LaTeX Font Info:    Font shape `OMS/cmr/m/it' in size <10.95> not available
(Font)              Font shape `OMS/cmsy/m/n' tried instead on input line 918.
 [21]

LaTeX Warning: Reference `getusergroups' on page 22 undefined on input line 980
.

[22]
Underfull \hbox (badness 10000) in paragraph at lines 991--992

 []


Underfull \hbox (badness 10000) in paragraph at lines 1008--1013

 []

[23]

LaTeX Warning: Reference `getusernotgroups' on page 24 undefined on input line 
1063.


LaTeX Warning: Reference `getuser' on page 24 undefined on input line 1085.

[24]

LaTeX Warning: Reference `addusertogroups' on page 25 undefined on input line 1
130.


LaTeX Warning: Reference `getusergroups' on page 25 undefined on input line 113
2.

[25]

LaTeX Warning: Reference `getuser' on page 26 undefined on input line 1154.

[26]

LaTeX Warning: Reference `command_error' on page 27 undefined on input line 123
6.


LaTeX Warning: Reference `command_success' on page 27 undefined on input line 1
237.

[27] [28]

LaTeX Warning: Reference `getshells' on page 29 undefined on input line 1304.

[29]

LaTeX Warning: Reference `updateusershell' on page 30 undefined on input line 1
368.

[30]

LaTeX Warning: Reference `adduser' on page 31 undefined on input line 1413.

[31] [32] [33] [34]

LaTeX Warning: Reference `aptinstall' on page 35 undefined on input line 1586.

[35]
LaTeX Font Info:    Font shape `OML/cmr/m/it' in size <10.95> not available
(Font)              Font shape `OML/cmm/m/it' tried instead on input line 1630.

 [36] [37]
Overfull \hbox (15.92595pt too wide) in paragraph at lines 1738--1760
\OT1/cmtt/m/n/10.95 compatible version of the UNIX editor Vi. . Many new featur
es have been added: multi
 []


Overfull \hbox (27.42332pt too wide) in paragraph at lines 1738--1760
\OT1/cmtt/m/n/10.95 level undo, syntax highlighting, command line history, on-l
ine help, filename completion,
 []


Overfull \hbox (15.92595pt too wide) in paragraph at lines 1738--1760
\OT1/cmtt/m/n/10.95 block operations, folding, Unicode support, etc. . This pac
kage contains a version of
 []


Overfull \hbox (4.42857pt too wide) in paragraph at lines 1738--1760
\OT1/cmtt/m/n/10.95 vim compiled with a rather standard set of features. This p
ackage does not provide a
 []


Overfull \hbox (7.18672pt too wide) in paragraph at lines 1738--1760
\OT1/cmtt/m/n/10.95 GUI version of Vim. See the other vim-* packages if you nee
d more (or less).  \OT1/cmr/m/n/10.95 Per us-
 []

[38] [39] [40]

LaTeX Warning: Reference `aptinstall' on page 41 undefined on input line 1869.


LaTeX Warning: Reference `aptinstall' on page 41 undefined on input line 1871.

[41]
Overfull \hbox (21.26784pt too wide) in paragraph at lines 1907--1912
 []\OT1/cmr/bx/n/10.95 Funzionamento[] \OT1/cmr/m/n/10.95 Viene definita la car
tella con-te-nente le repo es-terne (di base \OT1/cmtt/m/n/10.95 /etc/apt/sourc
es.list.d
 []


LaTeX Warning: Reference `getcronname' on page 42 undefined on input line 1920.


[42]
Overfull \hbox (14.55757pt too wide) in paragraph at lines 1948--1951
\OT1/cmtt/m/n/10.95 deb [arch=amd64,i386,ppc64el] http://mirror.netcologne.de/m
ariadb/repo/10.3/ubuntu
 []


LaTeX Warning: Reference `filedel' on page 43 undefined on input line 1981.


LaTeX Warning: Reference `utilities' on page 43 undefined on input line 1981.

[43] [44]
LaTeX Font Info:    Try loading font information for OMS+cmtt on input line 206
7.
LaTeX Font Info:    No file OMScmtt.fd. on input line 2067.


LaTeX Font Warning: Font shape `OMS/cmtt/m/n' undefined
(Font)              using `OMS/cmsy/m/n' instead
(Font)              for symbol `textbackslash' on input line 2067.

[45] [46]

LaTeX Warning: Reference `createalias' on page 47 undefined on input line 2153.



LaTeX Warning: Reference `ifacestat' on page 47 undefined on input line 2174.

[47]

LaTeX Warning: Reference `createalias' on page 48 undefined on input line 2206.


[48]

LaTeX Warning: Reference `ifacedown' on page 49 undefined on input line 2256.

[49]

LaTeX Warning: Reference `ifaceup' on page 50 undefined on input line 2297.


LaTeX Warning: Reference `getnewifacealiasname' on page 50 undefined on input l
ine 2302.


LaTeX Warning: Reference `getnewifacealiasname' on page 50 undefined on input l
ine 2311.


LaTeX Warning: Reference `ifacestat' on page 50 undefined on input line 2318.


LaTeX Warning: Reference `ifaceup' on page 50 undefined on input line 2326.

[50]

LaTeX Warning: Reference `ifaceup' on page 51 undefined on input line 2329.


LaTeX Warning: Reference `createalias' on page 51 undefined on input line 2336.



LaTeX Warning: Reference `createalias' on page 51 undefined on input line 2340.



LaTeX Warning: Reference `ifacedown' on page 51 undefined on input line 2343.


LaTeX Warning: Reference `ifacedown' on page 51 undefined on input line 2345.


Overfull \hbox (10.06068pt too wide) in paragraph at lines 2362--2364
[]\OT1/cmtt/m/n/10.95 broadcast=""\OT1/cmr/m/n/10.95 : non ^^Re ob-bli-ga-to-ri
o e se pas-sato in-dica il nuovo in-d-i-rizzo di broad-cast che l'interfaccia
 []


LaTeX Warning: Reference `createalias' on page 51 undefined on input line 2367.



LaTeX Warning: Reference `ifaceup' on page 51 undefined on input line 2369.


LaTeX Warning: Reference `ifaceup' on page 51 undefined on input line 2372.

[51]

LaTeX Warning: Reference `command_error' on page 52 undefined on input line 241
0.

[52] [53]

LaTeX Warning: Reference `getroutes' on page 54 undefined on input line 2490.

[54]

LaTeX Warning: Reference `addroute' on page 55 undefined on input line 2526.


LaTeX Warning: Reference `addroute' on page 55 undefined on input line 2530.


LaTeX Warning: Reference `addroute' on page 55 undefined on input line 2533.


LaTeX Warning: Reference `getroutes' on page 55 undefined on input line 2558.


LaTeX Warning: Reference `getroutes' on page 55 undefined on input line 2559.

[55]

LaTeX Warning: Reference `command_error' on page 56 undefined on input line 257
4.


LaTeX Warning: Reference `addcron' on page 56 undefined on input line 2595.


LaTeX Warning: Reference `adddefaultcron' on page 56 undefined on input line 25
99.


Overfull \hbox (26.29964pt too wide) in paragraph at lines 2596--2601
[]\OT1/cmr/m/n/10.95 Il cron delle cartelle \OT1/cmtt/m/n/10.95 /etc/cron.daily
\OT1/cmr/m/n/10.95 , \OT1/cmtt/m/n/10.95 /etc/cron.hourly\OT1/cmr/m/n/10.95 , \
OT1/cmtt/m/n/10.95 /etc/cron.monthly \OT1/cmr/m/n/10.95 e \OT1/cmtt/m/n/10.95 /
etc/cron.weekly
 []


LaTeX Warning: Reference `writefile' on page 56 undefined on input line 2603.


LaTeX Warning: Reference `filedel' on page 56 undefined on input line 2603.

[56]

LaTeX Warning: Reference `getreponame' on page 57 undefined on input line 2641.



LaTeX Warning: Reference `addcron' on page 57 undefined on input line 2646.


LaTeX Warning: Reference `adddefaultcron' on page 57 undefined on input line 26
46.

[57]

LaTeX Warning: Reference `cron' on page 58 undefined on input line 2677.


LaTeX Warning: Reference `getcronname' on page 58 undefined on input line 2701.


[58] [59]

LaTeX Warning: Reference `addcron' on page 60 undefined on input line 2743.


LaTeX Warning: Reference `addcron' on page 60 undefined on input line 2773.


LaTeX Warning: Reference `getcronname' on page 60 undefined on input line 2774.


[60] [61] [62] [63] [64] [65] [66] [67] [68] [69]
Overfull \hbox (143.67673pt too wide) in paragraph at lines 3194--3201
\OT1/cmtt/m/n/10.95 /etc/apache2/sites-enabled/default-ssl \OT1/cmr/m/n/10.95 c
he punta allo file nella cartella \OT1/cmtt/m/n/10.95 /etc/apache2/sites-availa
ble/default-ssl\OT1/cmr/m/n/10.95 .
 []


Overfull \hbox (49.20534pt too wide) in paragraph at lines 3202--3213
\OT1/cmr/m/n/10.95 Dato che i file nella cartella \OT1/cmtt/m/n/10.95 <objtype>
-enabled \OT1/cmr/m/n/10.95 sono un sot-toin-sieme dei file nella cartella \OT1
/cmtt/m/n/10.95 <objtype>-available
 []

[70]

LaTeX Warning: Reference `getsysteminfo' on page 71 undefined on input line 325
3.

[71] [72] [73] [74]
Overfull \hbox (1.39273pt too wide) in paragraph at lines 3429--3433
\OT1/cmr/m/n/10.95 zion-a-mento di apache) viene prima cre-ato un doc-u-mento m
ongo con-te-nente le speci-fiche dell'operazione.
 []


LaTeX Warning: Reference `command_success' on page 75 undefined on input line 3
434.


LaTeX Warning: Reference `writefile' on page 75 undefined on input line 3439.


LaTeX Warning: Reference `system' on page 75 undefined on input line 3439.

[75]
Overfull \hbox (54.25797pt too wide) in paragraph at lines 3464--3467
 []\OT1/cmr/bx/n/10.95 Parametri[] \OT1/cmr/m/n/10.95 La fun-zione non prende p
aramtri; tutte le con-fig-u-razioni vanno in-serite nel file \OT1/cmtt/m/n/10.9
5 /etc/updatedb.conf\OT1/cmr/m/n/10.95 ,
 []

[76]

LaTeX Warning: Reference `utilities' on page 77 undefined on input line 3518.


LaTeX Warning: Reference `systemfile' on page 77 undefined on input line 3519.

[77] [78]
Package atveryend Info: Empty hook `BeforeClearDocument' on input line 3588.
 [79]
Package atveryend Info: Empty hook `AfterLastShipout' on input line 3588.
 (./guide.aux)
Package atveryend Info: Executing hook `AtVeryEndDocument' on input line 3588.
Package atveryend Info: Executing hook `AtEndAfterFileList' on input line 3588.



Package rerunfilecheck Warning: File `guide.out' has changed.
(rerunfilecheck)                Rerun to get outlines right
(rerunfilecheck)                or use package `bookmark'.

Package rerunfilecheck Info: Checksums for `guide.out':
(rerunfilecheck)             Before: <no file>
(rerunfilecheck)             After:  DEA0DB96EB68B6B1FBF59C71E3E1ADF3;5041.

LaTeX Font Warning: Some font shapes were not available, defaults substituted.


LaTeX Warning: There were undefined references.


LaTeX Warning: Label(s) may have changed. Rerun to get cross-references right.

Package atveryend Info: Empty hook `AtVeryVeryEnd' on input line 3588.
 ) 
Here is how much of TeX's memory you used:
 9692 strings out of 492649
 138236 string characters out of 6135778
 384754 words of memory out of 5000000
 11471 multiletter control sequences out of 15000+600000
 10757 words of font info for 38 fonts, out of 8000000 for 9000
 1141 hyphenation exceptions out of 8191
 34i,12n,43p,255b,1821s stack positions out of 5000i,500n,10000p,200000b,80000s
</usr/share/texmf-dist/fonts/type1/public/amsfonts/cm/cmbx10.pfb></usr/share/
texmf-dist/fonts/type1/public/amsfonts/cm/cmbx12.pfb></usr/share/texmf-dist/fon
ts/type1/public/amsfonts/cm/cmmi10.pfb></usr/share/texmf-dist/fonts/type1/publi
c/amsfonts/cm/cmr10.pfb></usr/share/texmf-dist/fonts/type1/public/amsfonts/cm/c
mr12.pfb></usr/share/texmf-dist/fonts/type1/public/amsfonts/cm/cmr17.pfb></usr/
share/texmf-dist/fonts/type1/public/amsfonts/cm/cmr6.pfb></usr/share/texmf-dist
/fonts/type1/public/amsfonts/cm/cmr8.pfb></usr/share/texmf-dist/fonts/type1/pub
lic/amsfonts/cm/cmr9.pfb></usr/share/texmf-dist/fonts/type1/public/amsfonts/cm/
cmsl10.pfb></usr/share/texmf-dist/fonts/type1/public/amsfonts/cm/cmsy10.pfb></u
sr/share/texmf-dist/fonts/type1/public/amsfonts/cm/cmti10.pfb></usr/share/texmf
-dist/fonts/type1/public/amsfonts/cm/cmtt10.pfb></usr/share/texmf-dist/fonts/ty
pe1/public/amsfonts/cm/cmtt9.pfb>
Output written on guide.pdf (80 pages, 584970 bytes).
PDF statistics:
 2838 PDF objects out of 2984 (max. 8388607)
 2714 compressed objects within 28 object streams
 2069 named destinations out of 2073 (max. 500000)
 1 words of extra memory for PDF output out of 10000 (max. 10000000)

