\BOOKMARK [1][-]{section.1}{Introduzione}{}% 1
\BOOKMARK [2][-]{subsection.1.1}{Introduzione al progetto}{section.1}% 2
\BOOKMARK [2][-]{subsection.1.2}{Informazioni tecniche}{section.1}% 3
\BOOKMARK [1][-]{section.2}{Backend}{}% 4
\BOOKMARK [2][-]{subsection.2.1}{utilities}{section.2}% 5
\BOOKMARK [3][-]{subsubsection.2.1.1}{mongolog}{subsection.2.1}% 6
\BOOKMARK [3][-]{subsubsection.2.1.2}{changemongologstatus}{subsection.2.1}% 7
\BOOKMARK [3][-]{subsubsection.2.1.3}{mongologstatuserr}{subsection.2.1}% 8
\BOOKMARK [3][-]{subsubsection.2.1.4}{command\137success}{subsection.2.1}% 9
\BOOKMARK [3][-]{subsubsection.2.1.5}{command\137error}{subsection.2.1}% 10
\BOOKMARK [3][-]{subsubsection.2.1.6}{filedit}{subsection.2.1}% 11
\BOOKMARK [3][-]{subsubsection.2.1.7}{filediff}{subsection.2.1}% 12
\BOOKMARK [2][-]{subsection.2.2}{Utenti}{section.2}% 13
\BOOKMARK [2][-]{subsection.2.3}{Network}{section.2}% 14
\BOOKMARK [2][-]{subsection.2.4}{Cron}{section.2}% 15
\BOOKMARK [2][-]{subsection.2.5}{Sistema}{section.2}% 16
\BOOKMARK [2][-]{subsection.2.6}{apache}{section.2}% 17
\BOOKMARK [2][-]{subsection.2.7}{Database}{section.2}% 18
\BOOKMARK [2][-]{subsection.2.8}{File}{section.2}% 19
\BOOKMARK [2][-]{subsection.2.9}{Logs}{section.2}% 20
\BOOKMARK [1][-]{section.3}{Frontend}{}% 21
\BOOKMARK [1][-]{section.4}{Utility}{}% 22
\BOOKMARK [2][-]{subsection.4.1}{Red Hat Developer Toolset}{section.4}% 23
\BOOKMARK [2][-]{subsection.4.2}{kerberos5}{section.4}% 24
\BOOKMARK [2][-]{subsection.4.3}{Rimossi tra CentOS 6 e 7 e le cui alternative non presenti su CRESCO 6}{section.4}% 25
\BOOKMARK [2][-]{subsection.4.4}{Rimossi da Centos 6 e 7 e le cui alternative sono presenti su CRESCO 6}{section.4}% 26
